<?xml version="1.0" encoding="UTF-8"?>
<testng-results ignored="0" total="2" passed="2" failed="0" skipped="0">
  <reporter-output>
  </reporter-output>
  <suite started-at="2025-12-25T18:49:28 AEDT" name="Default suite" finished-at="2025-12-25T18:49:31 AEDT" duration-ms="3085">
    <groups>
    </groups>
    <test started-at="2025-12-25T18:49:28 AEDT" name="Default test" finished-at="2025-12-25T18:49:31 AEDT" duration-ms="3085">
      <class name="Day2.DiffWaysToCreatePostRequestBody">
        <test-method is-config="true" signature="setup()[pri:0, instance:Day2.DiffWaysToCreatePostRequestBody@7e0b85f9]" started-at="2025-12-25T18:49:28 AEDT" name="setup" finished-at="2025-12-25T18:49:29 AEDT" duration-ms="442" status="PASS">
          <reporter-output>
          </reporter-output>
        </test-method> <!-- setup -->
        <test-method signature="testPostUsingHashMap()[pri:1, instance:Day2.DiffWaysToCreatePostRequestBody@7e0b85f9]" started-at="2025-12-25T18:49:29 AEDT" name="testPostUsingHashMap" finished-at="2025-12-25T18:49:31 AEDT" duration-ms="2539" status="PASS">
          <reporter-output>
          </reporter-output>
        </test-method> <!-- testPostUsingHashMap -->
        <test-method signature="deleteUser()[pri:2, instance:Day2.DiffWaysToCreatePostRequestBody@7e0b85f9]" started-at="2025-12-25T18:49:31 AEDT" name="deleteUser" finished-at="2025-12-25T18:49:31 AEDT" duration-ms="59" status="PASS">
          <reporter-output>
          </reporter-output>
        </test-method> <!-- deleteUser -->
      </class> <!-- Day2.DiffWaysToCreatePostRequestBody -->
    </test> <!-- Default test -->
  </suite> <!-- Default suite -->
</testng-results>
