<?xml version="1.0" encoding="UTF-8"?>
<!-- Generated by org.testng.reporters.JUnitReportReporter -->
<testsuite hostname="DESKTOP-8SMU3VE" failures="0" tests="2" name="Day2.DiffWaysToCreatePostRequestBody" time="2.598" errors="0" timestamp="2025-12-25T18:49:31 AEDT" skipped="0">
  <testcase classname="Day2.DiffWaysToCreatePostRequestBody" name="testPostUsingHashMap" time="2.539"/>
  <system-out/>
  <testcase classname="Day2.DiffWaysToCreatePostRequestBody" name="deleteUser" time="0.059"/>
  <system-out/>
</testsuite> <!-- Day2.DiffWaysToCreatePostRequestBody -->
