<?xml version="1.0" encoding="UTF-8"?>
<!-- Generated by org.testng.reporters.JUnitReportReporter -->
<testsuite hostname="DESKTOP-8SMU3VE" failures="0" tests="5" name="Day1.HTTPRequests" time="3.150" errors="0" timestamp="2025-12-25T17:10:35 AEDT" skipped="0">
  <testcase classname="Day1.HTTPRequests" name="createUser" time="2.915"/>
  <system-out/>
  <testcase classname="Day1.HTTPRequests" name="getUsers" time="0.133"/>
  <system-out/>
  <testcase classname="Day1.HTTPRequests" name="getUsersById" time="0.032"/>
  <system-out/>
  <testcase classname="Day1.HTTPRequests" name="updateUser" time="0.035"/>
  <system-out/>
  <testcase classname="Day1.HTTPRequests" name="deleteUser" time="0.035"/>
  <system-out/>
</testsuite> <!-- Day1.HTTPRequests -->
